Analysis & Synthesis report for SoCLR6ToQuartus
Sat May 13 12:01:39 2017
Quartus II Version 11.0 Build 208 07/03/2011 Service Pack 1 SJ Web Edition


---------------------
; Table of Contents ;
---------------------
  1. Legal Notice
  2. Analysis & Synthesis Summary
  3. Analysis & Synthesis Settings
  4. Parallel Compilation
  5. Analysis & Synthesis Source Files Read
  6. Analysis & Synthesis Resource Usage Summary
  7. Analysis & Synthesis Resource Utilization by Entity
  8. State Machine - |Block1|machine2:inst1|state
  9. Registers Removed During Synthesis
 10. General Register Statistics
 11. Multiplexer Restructuring Statistics (Restructuring Performed)
 12. Parameter Settings for User Entity Instance: machine2:inst1
 13. Elapsed Time Per Partition
 14. Analysis & Synthesis Messages
 15. Analysis & Synthesis Suppressed Messages



----------------
; Legal Notice ;
----------------
Copyright (C) 1991-2011 Altera Corporation
Your use of Altera Corporation's design tools, logic functions 
and other software and tools, and its AMPP partner logic 
functions, and any output files from any of the foregoing 
(including device programming or simulation files), and any 
associated documentation or information are expressly subject 
to the terms and conditions of the Altera Program License 
Subscription Agreement, Altera MegaCore Function License 
Agreement, or other applicable license agreement, including, 
without limitation, that your use is for the sole purpose of 
programming logic devices manufactured by Altera and sold by 
Altera or its authorized distributors.  Please refer to the 
applicable agreement for further details.



+-----------------------------------------------------------------------------+
; Analysis & Synthesis Summary                                                ;
+-----------------------------+-----------------------------------------------+
; Analysis & Synthesis Status ; Successful - Sat May 13 12:01:39 2017         ;
; Quartus II Version          ; 11.0 Build 208 07/03/2011 SP 1 SJ Web Edition ;
; Revision Name               ; SoCLR6ToQuartus                               ;
; Top-level Entity Name       ; Block1                                        ;
; Family                      ; Cyclone                                       ;
; Total logic elements        ; 10                                            ;
; Total pins                  ; 6                                             ;
; Total virtual pins          ; 0                                             ;
; Total memory bits           ; 0                                             ;
; Total PLLs                  ; 0                                             ;
+-----------------------------+-----------------------------------------------+


+----------------------------------------------------------------------------------------------------------------------+
; Analysis & Synthesis Settings                                                                                        ;
+----------------------------------------------------------------------------+--------------------+--------------------+
; Option                                                                     ; Setting            ; Default Value      ;
+----------------------------------------------------------------------------+--------------------+--------------------+
; Device                                                                     ; EP1C3T144C8        ;                    ;
; Top-level entity name                                                      ; Block1             ; SoCLR6ToQuartus    ;
; Family name                                                                ; Cyclone            ; Cyclone IV GX      ;
; Use smart compilation                                                      ; Off                ; Off                ;
; Enable parallel Assembler and TimeQuest Timing Analyzer during compilation ; On                 ; On                 ;
; Enable compact report table                                                ; Off                ; Off                ;
; Restructure Multiplexers                                                   ; Auto               ; Auto               ;
; Create Debugging Nodes for IP Cores                                        ; Off                ; Off                ;
; Preserve fewer node names                                                  ; On                 ; On                 ;
; Disable OpenCore Plus hardware evaluation                                  ; Off                ; Off                ;
; Verilog Version                                                            ; Verilog_2001       ; Verilog_2001       ;
; VHDL Version                                                               ; VHDL_1993          ; VHDL_1993          ;
; State Machine Processing                                                   ; Auto               ; Auto               ;
; Safe State Machine                                                         ; Off                ; Off                ;
; Extract Verilog State Machines                                             ; On                 ; On                 ;
; Extract VHDL State Machines                                                ; On                 ; On                 ;
; Ignore Verilog initial constructs                                          ; Off                ; Off                ;
; Iteration limit for constant Verilog loops                                 ; 5000               ; 5000               ;
; Iteration limit for non-constant Verilog loops                             ; 250                ; 250                ;
; Add Pass-Through Logic to Inferred RAMs                                    ; On                 ; On                 ;
; Parallel Synthesis                                                         ; On                 ; On                 ;
; NOT Gate Push-Back                                                         ; On                 ; On                 ;
; Power-Up Don't Care                                                        ; On                 ; On                 ;
; Remove Redundant Logic Cells                                               ; Off                ; Off                ;
; Remove Duplicate Registers                                                 ; On                 ; On                 ;
; Ignore CARRY Buffers                                                       ; Off                ; Off                ;
; Ignore CASCADE Buffers                                                     ; Off                ; Off                ;
; Ignore GLOBAL Buffers                                                      ; Off                ; Off                ;
; Ignore ROW GLOBAL Buffers                                                  ; Off                ; Off                ;
; Ignore LCELL Buffers                                                       ; Off                ; Off                ;
; Ignore SOFT Buffers                                                        ; On                 ; On                 ;
; Limit AHDL Integers to 32 Bits                                             ; Off                ; Off                ;
; Optimization Technique                                                     ; Balanced           ; Balanced           ;
; Carry Chain Length                                                         ; 70                 ; 70                 ;
; Auto Carry Chains                                                          ; On                 ; On                 ;
; Auto Open-Drain Pins                                                       ; On                 ; On                 ;
; Perform WYSIWYG Primitive Resynthesis                                      ; Off                ; Off                ;
; Auto ROM Replacement                                                       ; On                 ; On                 ;
; Auto RAM Replacement                                                       ; On                 ; On                 ;
; Auto Shift Register Replacement                                            ; Auto               ; Auto               ;
; Allow Shift Register Merging across Hierarchies                            ; Auto               ; Auto               ;
; Auto Clock Enable Replacement                                              ; On                 ; On                 ;
; Strict RAM Replacement                                                     ; Off                ; Off                ;
; Allow Synchronous Control Signals                                          ; On                 ; On                 ;
; Force Use of Synchronous Clear Signals                                     ; Off                ; Off                ;
; Auto RAM Block Balancing                                                   ; On                 ; On                 ;
; Auto RAM to Logic Cell Conversion                                          ; Off                ; Off                ;
; Auto Resource Sharing                                                      ; Off                ; Off                ;
; Allow Any RAM Size For Recognition                                         ; Off                ; Off                ;
; Allow Any ROM Size For Recognition                                         ; Off                ; Off                ;
; Allow Any Shift Register Size For Recognition                              ; Off                ; Off                ;
; Use LogicLock Constraints during Resource Balancing                        ; On                 ; On                 ;
; Ignore translate_off and synthesis_off directives                          ; Off                ; Off                ;
; Report Parameter Settings                                                  ; On                 ; On                 ;
; Report Source Assignments                                                  ; On                 ; On                 ;
; Report Connectivity Checks                                                 ; On                 ; On                 ;
; Ignore Maximum Fan-Out Assignments                                         ; Off                ; Off                ;
; Synchronization Register Chain Length                                      ; 2                  ; 2                  ;
; PowerPlay Power Optimization                                               ; Normal compilation ; Normal compilation ;
; HDL message level                                                          ; Level2             ; Level2             ;
; Suppress Register Optimization Related Messages                            ; Off                ; Off                ;
; Number of Removed Registers Reported in Synthesis Report                   ; 5000               ; 5000               ;
; Number of Inverted Registers Reported in Synthesis Report                  ; 100                ; 100                ;
; Clock MUX Protection                                                       ; On                 ; On                 ;
; Block Design Naming                                                        ; Auto               ; Auto               ;
; Synthesis Effort                                                           ; Auto               ; Auto               ;
; Shift Register Replacement - Allow Asynchronous Clear Signal               ; On                 ; On                 ;
; Analysis & Synthesis Message Level                                         ; Medium             ; Medium             ;
; Disable Register Merging Across Hierarchies                                ; Auto               ; Auto               ;
; Resource Aware Inference For Block RAM                                     ; On                 ; On                 ;
; Synthesis Seed                                                             ; 1                  ; 1                  ;
+----------------------------------------------------------------------------+--------------------+--------------------+


Parallel compilation was disabled, but you have multiple processors available. Enable parallel compilation to reduce compilation time.
+-------------------------------------+
; Parallel Compilation                ;
+----------------------------+--------+
; Processors                 ; Number ;
+----------------------------+--------+
; Number detected on machine ; 2      ;
; Maximum allowed            ; 1      ;
+----------------------------+--------+


+-------------------------------------------------------------------------------------------------------------------------------------------------------------+
; Analysis & Synthesis Source Files Read                                                                                                                      ;
+----------------------------------+-----------------+------------------------------------+-------------------------------------------------------------------+
; File Name with User-Entered Path ; Used in Netlist ; File Type                          ; File Name with Absolute Path                                      ;
+----------------------------------+-----------------+------------------------------------+-------------------------------------------------------------------+
; Block1.bdf                       ; yes             ; User Block Diagram/Schematic File  ; C:/Users/Mihail/Documents/SoCLR6toQuartus/Block1.bdf              ;
; output_files/Verilog3.v          ; yes             ; User Verilog HDL File              ; C:/Users/Mihail/Documents/SoCLR6toQuartus/output_files/Verilog3.v ;
+----------------------------------+-----------------+------------------------------------+-------------------------------------------------------------------+


+----------------------------------------------------------+
; Analysis & Synthesis Resource Usage Summary              ;
+---------------------------------------------+------------+
; Resource                                    ; Usage      ;
+---------------------------------------------+------------+
; Total logic elements                        ; 10         ;
;     -- Combinational with no register       ; 1          ;
;     -- Register only                        ; 2          ;
;     -- Combinational with a register        ; 7          ;
;                                             ;            ;
; Logic element usage by number of LUT inputs ;            ;
;     -- 4 input functions                    ; 2          ;
;     -- 3 input functions                    ; 2          ;
;     -- 2 input functions                    ; 2          ;
;     -- 1 input functions                    ; 1          ;
;     -- 0 input functions                    ; 1          ;
;                                             ;            ;
; Logic elements by mode                      ;            ;
;     -- normal mode                          ; 10         ;
;     -- arithmetic mode                      ; 0          ;
;     -- qfbk mode                            ; 0          ;
;     -- register cascade mode                ; 0          ;
;     -- synchronous clear/load mode          ; 0          ;
;     -- asynchronous clear/load mode         ; 9          ;
;                                             ;            ;
; Total registers                             ; 9          ;
; I/O pins                                    ; 6          ;
; Maximum fan-out node                        ; clkFromPin ;
; Maximum fan-out                             ; 9          ;
; Total fan-out                               ; 40         ;
; Average fan-out                             ; 2.50       ;
+---------------------------------------------+------------+


+--------------------------------------------------------------------------------------------------------------------------------------------------------------------------------------------------------------------------+
; Analysis & Synthesis Resource Utilization by Entity                                                                                                                                                                      ;
+----------------------------+-------------+--------------+-------------+------+--------------+--------------+-------------------+------------------+-----------------+------------+------------------------+--------------+
; Compilation Hierarchy Node ; Logic Cells ; LC Registers ; Memory Bits ; Pins ; Virtual Pins ; LUT-Only LCs ; Register-Only LCs ; LUT/Register LCs ; Carry Chain LCs ; Packed LCs ; Full Hierarchy Name    ; Library Name ;
+----------------------------+-------------+--------------+-------------+------+--------------+--------------+-------------------+------------------+-----------------+------------+------------------------+--------------+
; |Block1                    ; 10 (0)      ; 9            ; 0           ; 6    ; 0            ; 1 (0)        ; 2 (0)             ; 7 (0)            ; 0 (0)           ; 0 (0)      ; |Block1                ;              ;
;    |machine2:inst1|        ; 10 (10)     ; 9            ; 0           ; 0    ; 0            ; 1 (1)        ; 2 (2)             ; 7 (7)            ; 0 (0)           ; 0 (0)      ; |Block1|machine2:inst1 ;              ;
+----------------------------+-------------+--------------+-------------+------+--------------+--------------+-------------------+------------------+-----------------+------------+------------------------+--------------+
Note: For table entries with two numbers listed, the numbers in parentheses indicate the number of resources of the given type used by the specific entity alone. The numbers listed outside of parentheses indicate the total resources of the given type used by the specific entity and all of its sub-entities in the hierarchy.


Encoding Type:  One-Hot
+-------------------------------------------------------------------------------------------------------------+
; State Machine - |Block1|machine2:inst1|state                                                                ;
+----------+----------+----------+----------+----------+----------+----------+----------+----------+----------+
; Name     ; state.y7 ; state.y6 ; state.y5 ; state.y4 ; state.y3 ; state.y2 ; state.y1 ; state.y0 ; state.y8 ;
+----------+----------+----------+----------+----------+----------+----------+----------+----------+----------+
; state.y0 ; 0        ; 0        ; 0        ; 0        ; 0        ; 0        ; 0        ; 0        ; 0        ;
; state.y1 ; 0        ; 0        ; 0        ; 0        ; 0        ; 0        ; 1        ; 1        ; 0        ;
; state.y2 ; 0        ; 0        ; 0        ; 0        ; 0        ; 1        ; 0        ; 1        ; 0        ;
; state.y3 ; 0        ; 0        ; 0        ; 0        ; 1        ; 0        ; 0        ; 1        ; 0        ;
; state.y4 ; 0        ; 0        ; 0        ; 1        ; 0        ; 0        ; 0        ; 1        ; 0        ;
; state.y5 ; 0        ; 0        ; 1        ; 0        ; 0        ; 0        ; 0        ; 1        ; 0        ;
; state.y6 ; 0        ; 1        ; 0        ; 0        ; 0        ; 0        ; 0        ; 1        ; 0        ;
; state.y7 ; 1        ; 0        ; 0        ; 0        ; 0        ; 0        ; 0        ; 1        ; 0        ;
; state.y8 ; 0        ; 0        ; 0        ; 0        ; 0        ; 0        ; 0        ; 1        ; 1        ;
+----------+----------+----------+----------+----------+----------+----------+----------+----------+----------+


+------------------------------------------------------------+
; Registers Removed During Synthesis                         ;
+---------------------------------------+--------------------+
; Register name                         ; Reason for Removal ;
+---------------------------------------+--------------------+
; machine2:inst1|state~4                ; Lost fanout        ;
; machine2:inst1|state~5                ; Lost fanout        ;
; machine2:inst1|state~6                ; Lost fanout        ;
; Total Number of Removed Registers = 3 ;                    ;
+---------------------------------------+--------------------+


+------------------------------------------------------+
; General Register Statistics                          ;
+----------------------------------------------+-------+
; Statistic                                    ; Value ;
+----------------------------------------------+-------+
; Total registers                              ; 9     ;
; Number of registers using Synchronous Clear  ; 0     ;
; Number of registers using Synchronous Load   ; 0     ;
; Number of registers using Asynchronous Clear ; 9     ;
; Number of registers using Asynchronous Load  ; 0     ;
; Number of registers using Clock Enable       ; 0     ;
; Number of registers using Preset             ; 0     ;
+----------------------------------------------+-------+


+------------------------------------------------------------------------------------------------------------------------------------------------------------+
; Multiplexer Restructuring Statistics (Restructuring Performed)                                                                                             ;
+--------------------+-----------+---------------+----------------------+------------------------+------------------------------+----------------------------+
; Multiplexer Inputs ; Bus Width ; Baseline Area ; Area if Restructured ; Saving if Restructured ; Registered                   ; Example Multiplexer Output ;
+--------------------+-----------+---------------+----------------------+------------------------+------------------------------+----------------------------+
; 3:1                ; 2 bits    ; 4 LEs         ; 2 LEs                ; 2 LEs                  ; |Block1|machine2:inst1|state ;                            ;
+--------------------+-----------+---------------+----------------------+------------------------+------------------------------+----------------------------+


+-------------------------------------------------------------+
; Parameter Settings for User Entity Instance: machine2:inst1 ;
+----------------+-------+------------------------------------+
; Parameter Name ; Value ; Type                               ;
+----------------+-------+------------------------------------+
; y0             ; 0000  ; Unsigned Binary                    ;
; y1             ; 0001  ; Unsigned Binary                    ;
; y2             ; 0010  ; Unsigned Binary                    ;
; y3             ; 0011  ; Unsigned Binary                    ;
; y4             ; 0100  ; Unsigned Binary                    ;
; y5             ; 0101  ; Unsigned Binary                    ;
; y6             ; 0110  ; Unsigned Binary                    ;
; y7             ; 0111  ; Unsigned Binary                    ;
; y8             ; 1000  ; Unsigned Binary                    ;
; y9             ; 1001  ; Unsigned Binary                    ;
; y10            ; 1010  ; Unsigned Binary                    ;
+----------------+-------+------------------------------------+
Note: In order to hide this table in the UI and the text report file, please set the "Show Parameter Settings in Synthesis Report" option in "Analysis and Synthesis Settings -> More Settings" to "Off".


+-------------------------------+
; Elapsed Time Per Partition    ;
+----------------+--------------+
; Partition Name ; Elapsed Time ;
+----------------+--------------+
; Top            ; 00:00:00     ;
+----------------+--------------+


+-------------------------------+
; Analysis & Synthesis Messages ;
+-------------------------------+
Info: *******************************************************************
Info: Running Quartus II Analysis & Synthesis
    Info: Version 11.0 Build 208 07/03/2011 Service Pack 1 SJ Web Edition
    Info: Processing started: Sat May 13 12:01:38 2017
Info: Command: quartus_map --read_settings_files=on --write_settings_files=off SoCLR6ToQuartus -c SoCLR6ToQuartus
Warning: Parallel compilation is not licensed and has been disabled
Info: Found 1 design units, including 1 entities, in source file soclr6toquartus.v
    Info: Found entity 1: machine1
Info: Found 1 design units, including 1 entities, in source file block1.bdf
    Info: Found entity 1: Block1
Warning (10229): Verilog HDL Expression warning at SoCLR6ToQuartus.v(10): truncated literal to match 24 bits
Info: Found 1 design units, including 1 entities, in source file output_files/soclr6toquartus.v
    Info: Found entity 1: myclock
Info: Found 1 design units, including 1 entities, in source file output_files/verilog3.v
    Info: Found entity 1: machine2
Info: Found 1 design units, including 1 entities, in source file output_files/verilog5.v
    Info: Found entity 1: vl2
Info: Found 1 design units, including 1 entities, in source file output_files/verilog4.v
    Info: Found entity 1: vl1
Info: Elaborating entity "Block1" for the top level hierarchy
Info: Elaborating entity "machine2" for hierarchy "machine2:inst1"
Info: 3 registers lost all their fanouts during netlist optimizations. The first 3 are displayed below.
    Info: Register "machine2:inst1|state~4" lost all its fanouts during netlist optimizations.
    Info: Register "machine2:inst1|state~5" lost all its fanouts during netlist optimizations.
    Info: Register "machine2:inst1|state~6" lost all its fanouts during netlist optimizations.
Info: Generated suppressed messages file C:/Users/Mihail/Documents/SoCLR6toQuartus/output_files/SoCLR6ToQuartus.map.smsg
Info: Generating hard_block partition "hard_block:auto_generated_inst"
Info: Implemented 16 device resources after synthesis - the final resource count might be different
    Info: Implemented 5 input pins
    Info: Implemented 1 output pins
    Info: Implemented 10 logic cells
Info: Quartus II Analysis & Synthesis was successful. 0 errors, 2 warnings
    Info: Peak virtual memory: 289 megabytes
    Info: Processing ended: Sat May 13 12:01:39 2017
    Info: Elapsed time: 00:00:01
    Info: Total CPU time (on all processors): 00:00:01


+------------------------------------------+
; Analysis & Synthesis Suppressed Messages ;
+------------------------------------------+
The suppressed messages can be found in C:/Users/Mihail/Documents/SoCLR6toQuartus/output_files/SoCLR6ToQuartus.map.smsg.


