Flow report for SoCLR6ToQuartus
Sat May 13 12:01:43 2017
Quartus II Version 11.0 Build 208 07/03/2011 Service Pack 1 SJ Web Edition


---------------------
; Table of Contents ;
---------------------
  1. Legal Notice
  2. Flow Summary
  3. Flow Settings
  4. Flow Non-Default Global Settings
  5. Flow Elapsed Time
  6. Flow OS Summary
  7. Flow Log



----------------
; Legal Notice ;
----------------
Copyright (C) 1991-2011 Altera Corporation
Your use of Altera Corporation's design tools, logic functions 
and other software and tools, and its AMPP partner logic 
functions, and any output files from any of the foregoing 
(including device programming or simulation files), and any 
associated documentation or information are expressly subject 
to the terms and conditions of the Altera Program License 
Subscription Agreement, Altera MegaCore Function License 
Agreement, or other applicable license agreement, including, 
without limitation, that your use is for the sole purpose of 
programming logic devices manufactured by Altera and sold by 
Altera or its authorized distributors.  Please refer to the 
applicable agreement for further details.



+-----------------------------------------------------------------------+
; Flow Summary                                                          ;
+-----------------------+-----------------------------------------------+
; Flow Status           ; Successful - Sat May 13 12:01:42 2017         ;
; Quartus II Version    ; 11.0 Build 208 07/03/2011 SP 1 SJ Web Edition ;
; Revision Name         ; SoCLR6ToQuartus                               ;
; Top-level Entity Name ; Block1                                        ;
; Family                ; Cyclone                                       ;
; Device                ; EP1C3T144C8                                   ;
; Timing Models         ; Final                                         ;
; Total logic elements  ; 10 / 2,910 ( < 1 % )                          ;
; Total pins            ; 6 / 104 ( 6 % )                               ;
; Total virtual pins    ; 0                                             ;
; Total memory bits     ; 0 / 59,904 ( 0 % )                            ;
; Total PLLs            ; 0 / 1 ( 0 % )                                 ;
+-----------------------+-----------------------------------------------+


+-----------------------------------------+
; Flow Settings                           ;
+-------------------+---------------------+
; Option            ; Setting             ;
+-------------------+---------------------+
; Start date & time ; 05/13/2017 12:01:39 ;
; Main task         ; Compilation         ;
; Revision Name     ; SoCLR6ToQuartus     ;
+-------------------+---------------------+


+-------------------------------------------------------------------------------------------------------------------+
; Flow Non-Default Global Settings                                                                                  ;
+-------------------------------------+--------------------------------+-----------------+-------------+------------+
; Assignment Name                     ; Value                          ; Default Value   ; Entity Name ; Section Id ;
+-------------------------------------+--------------------------------+-----------------+-------------+------------+
; COMPILER_SIGNATURE_ID               ; 93094403761693.149466609909648 ; --              ; --          ; --         ;
; MAX_CORE_JUNCTION_TEMP              ; 85                             ; --              ; --          ; --         ;
; MIN_CORE_JUNCTION_TEMP              ; 0                              ; --              ; --          ; --         ;
; PARTITION_COLOR                     ; 16764057                       ; --              ; Block1      ; Top        ;
; PARTITION_FITTER_PRESERVATION_LEVEL ; PLACEMENT_AND_ROUTING          ; --              ; Block1      ; Top        ;
; PARTITION_NETLIST_TYPE              ; SOURCE                         ; --              ; Block1      ; Top        ;
; PROJECT_OUTPUT_DIRECTORY            ; output_files                   ; --              ; --          ; --         ;
; TOP_LEVEL_ENTITY                    ; Block1                         ; SoCLR6ToQuartus ; --          ; --         ;
+-------------------------------------+--------------------------------+-----------------+-------------+------------+


+-------------------------------------------------------------------------------------------------------------------------------+
; Flow Elapsed Time                                                                                                             ;
+---------------------------+--------------+-------------------------+---------------------+------------------------------------+
; Module Name               ; Elapsed Time ; Average Processors Used ; Peak Virtual Memory ; Total CPU Time (on all processors) ;
+---------------------------+--------------+-------------------------+---------------------+------------------------------------+
; Analysis & Synthesis      ; 00:00:01     ; 1.0                     ; 288 MB              ; 00:00:01                           ;
; Fitter                    ; 00:00:01     ; 1.0                     ; 326 MB              ; 00:00:01                           ;
; Assembler                 ; 00:00:00     ; 1.0                     ; 259 MB              ; 00:00:01                           ;
; TimeQuest Timing Analyzer ; 00:00:01     ; 1.0                     ; 246 MB              ; 00:00:01                           ;
; Total                     ; 00:00:03     ; --                      ; --                  ; 00:00:04                           ;
+---------------------------+--------------+-------------------------+---------------------+------------------------------------+


+----------------------------------------------------------------------------------------+
; Flow OS Summary                                                                        ;
+---------------------------+------------------+-----------+------------+----------------+
; Module Name               ; Machine Hostname ; OS Name   ; OS Version ; Processor type ;
+---------------------------+------------------+-----------+------------+----------------+
; Analysis & Synthesis      ; Mihail-PC        ; Windows 7 ; 6.2        ; x86_64         ;
; Fitter                    ; Mihail-PC        ; Windows 7 ; 6.2        ; x86_64         ;
; Assembler                 ; Mihail-PC        ; Windows 7 ; 6.2        ; x86_64         ;
; TimeQuest Timing Analyzer ; Mihail-PC        ; Windows 7 ; 6.2        ; x86_64         ;
+---------------------------+------------------+-----------+------------+----------------+


------------
; Flow Log ;
------------
quartus_map --read_settings_files=on --write_settings_files=off SoCLR6ToQuartus -c SoCLR6ToQuartus
quartus_fit --read_settings_files=off --write_settings_files=off SoCLR6ToQuartus -c SoCLR6ToQuartus
quartus_asm --read_settings_files=off --write_settings_files=off SoCLR6ToQuartus -c SoCLR6ToQuartus
quartus_sta SoCLR6ToQuartus -c SoCLR6ToQuartus



